<?xml version="1.0" encoding="UTF-8"?>
<!-- Generated by org.testng.reporters.JUnitReportReporter -->
<testsuite hostname="LTIN251239" failures="0" tests="4" name="identifyingcourses.ForEnterprise" time="31.585" errors="0" timestamp="2024-03-04T13:47:07 IST" skipped="0">
  <testcase classname="identifyingcourses.ForEnterprise" name="clickingEnterprise" time="12.234"/>
  <system-out/>
  <testcase classname="identifyingcourses.ForEnterprise" name="clickingCourseraForCampus" time="12.705"/>
  <system-out/>
  <testcase classname="identifyingcourses.ForEnterprise" name="readyToTransformForm" time="2.605"/>
  <system-out/>
  <testcase classname="identifyingcourses.ForEnterprise" name="gettingErrorMessage" time="4.041"/>
  <system-out/>
</testsuite> <!-- identifyingcourses.ForEnterprise -->
