<?xml version="1.0" encoding="UTF-8"?>
<!-- Generated by org.testng.reporters.JUnitReportReporter -->
<testsuite hostname="LTIN251239" failures="0" tests="6" name="identifyingcourses.WebDevelopment" time="66.728" errors="0" timestamp="2024-03-04T13:47:07 IST" skipped="0">
  <testcase classname="identifyingcourses.WebDevelopment" name="searchingCourse" time="8.065"/>
  <system-out/>
  <testcase classname="identifyingcourses.WebDevelopment" name="filteringLevel" time="9.571"/>
  <system-out/>
  <testcase classname="identifyingcourses.WebDevelopment" name="filteringLanguage" time="16.471"/>
  <system-out/>
  <testcase classname="identifyingcourses.WebDevelopment" name="scrollUp" time="4.056"/>
  <system-out/>
  <testcase classname="identifyingcourses.WebDevelopment" name="firstCourseDetails" time="19.492"/>
  <system-out/>
  <testcase classname="identifyingcourses.WebDevelopment" name="secondCourse" time="9.073"/>
  <system-out/>
</testsuite> <!-- identifyingcourses.WebDevelopment -->
