<?xml version="1.0" encoding="UTF-8"?>
<!-- Generated by org.testng.reporters.JUnitReportReporter -->
<testsuite hostname="LTIN251239" failures="0" tests="3" name="identifyingcourses.LanguageLearning" time="46.607" errors="0" timestamp="2024-03-04T13:47:07 IST" skipped="0">
  <testcase classname="identifyingcourses.LanguageLearning" name="searchingLanguageLearning" time="23.002"/>
  <system-out/>
  <testcase classname="identifyingcourses.LanguageLearning" name="countOfLevel" time="0.458"/>
  <system-out/>
  <testcase classname="identifyingcourses.LanguageLearning" name="countOfLanguage" time="23.147"/>
  <system-out/>
</testsuite> <!-- identifyingcourses.LanguageLearning -->
